{"auxiliary":{"profile":{"type":"object","value":{"context":"Designer, founder of dark blue","name":"Iggy Hammick"}}},"category":"research:start","level":"debug","message":"Starting research process","timestamp":"2025-02-04T10:43:05.791Z"}
{"auxiliary":{"profile":{"type":"object","value":{"context":"Designer, founder of dark blue","name":"Iggy Hammick"}}},"category":"research:start","level":"debug","message":"Starting dynamic research process","timestamp":"2025-02-04T10:43:05.794Z"}
{"auxiliary":{"query":{"type":"string","value":"Iggy Hammick designer LinkedIn profile"}},"category":"google:search","level":"debug","message":"Searching Google","timestamp":"2025-02-04T10:43:07.673Z"}
{"auxiliary":{"count":{"type":"number","value":9},"firstResult":{"type":"object","value":{"snippet":"I'm Iggy, I'm a web designer and have been running dark.blue for nearly a decade now. We're a digital design agency focussed on user research, experience ...","title":"Iggy Hammick - Founding Partner - Dark Blue","url":"https://uk.linkedin.com/in/iggyhammick"}}},"category":"google:results","level":"debug","message":"Found search results","timestamp":"2025-02-04T10:43:09.466Z"}
{"auxiliary":{"query":{"type":"string","value":"Iggy Hammick dark blue founder biography"}},"category":"google:search","level":"debug","message":"Searching Google","timestamp":"2025-02-04T10:43:11.469Z"}
{"auxiliary":{"count":{"type":"number","value":14},"firstResult":{"type":"object","value":{"snippet":"I'm Iggy, I'm a web designer and have been running dark.blue for nearly a decade now. We're a digital design agency focussed on user research, experience ...","title":"Iggy Hammick - Founding Partner - Dark Blue","url":"https://uk.linkedin.com/in/iggyhammick"}}},"category":"google:results","level":"debug","message":"Found search results","timestamp":"2025-02-04T10:43:43.762Z"}
{"auxiliary":{"query":{"type":"string","value":"Iggy Hammick design portfolio"}},"category":"google:search","level":"debug","message":"Searching Google","timestamp":"2025-02-04T10:43:45.765Z"}
{"auxiliary":{"count":{"type":"number","value":0},"firstResult":{"type":"undefined"}},"category":"google:results","level":"debug","message":"Found search results","timestamp":"2025-02-04T10:44:17.841Z"}
{"auxiliary":{"query":{"type":"string","value":"Iggy Hammick news articles"}},"category":"google:search","level":"debug","message":"Searching Google","timestamp":"2025-02-04T10:44:19.845Z"}
{"auxiliary":{"count":{"type":"number","value":0},"firstResult":{"type":"undefined"}},"category":"google:results","level":"debug","message":"Found search results","timestamp":"2025-02-04T10:44:51.541Z"}
{"auxiliary":{"query":{"type":"string","value":"Iggy Hammick contact information"}},"category":"google:search","level":"debug","message":"Searching Google","timestamp":"2025-02-04T10:44:53.547Z"}
{"auxiliary":{"count":{"type":"number","value":10},"firstResult":{"type":"object","value":{"snippet":"I'm Iggy, I'm a web designer and have been running dark.blue for nearly a decade now. We're a digital design agency focussed on user research, experience ...","title":"Iggy Hammick - Founding Partner - Dark Blue","url":"https://uk.linkedin.com/in/iggyhammick"}}},"category":"google:results","level":"debug","message":"Found search results","timestamp":"2025-02-04T10:45:25.083Z"}
{"auxiliary":{"query":{"type":"string","value":"Iggy Hammick dark blue company overview"}},"category":"google:search","level":"debug","message":"Searching Google","timestamp":"2025-02-04T10:45:27.088Z"}
{"auxiliary":{"count":{"type":"number","value":10},"firstResult":{"type":"object","value":{"snippet":"I'm Iggy, I'm a web designer and have been running dark.blue for nearly a decade now. We're a digital design agency focussed on user research, experience ...","title":"Iggy Hammick - Founding Partner - Dark Blue","url":"https://uk.linkedin.com/in/iggyhammick"}}},"category":"google:results","level":"debug","message":"Found search results","timestamp":"2025-02-04T10:45:58.730Z"}
{"auxiliary":{"query":{"type":"string","value":"Iggy Hammick professional background"}},"category":"google:search","level":"debug","message":"Searching Google","timestamp":"2025-02-04T10:46:00.735Z"}
{"auxiliary":{"count":{"type":"number","value":0},"firstResult":{"type":"undefined"}},"category":"google:results","level":"debug","message":"Found search results","timestamp":"2025-02-04T10:46:33.259Z"}
{"auxiliary":null,"category":"linkedin:login","level":"debug","message":"Attempting LinkedIn login","timestamp":"2025-02-04T10:46:35.264Z"}
{"auxiliary":{"error":{"type":"string","value":"proxy.waitForNavigation: net::ERR_ABORTED; maybe frame was detached?\n=========================== logs ===========================\nwaiting for navigation until \"domcontentloaded\"\n============================================================"}},"category":"linkedin:login-error","level":"debug","message":"LinkedIn login failed","timestamp":"2025-02-04T10:46:50.818Z"}
{"auxiliary":{"error":{"type":"string","value":"proxy.waitForNavigation: net::ERR_ABORTED; maybe frame was detached?\n=========================== logs ===========================\nwaiting for navigation until \"domcontentloaded\"\n============================================================"},"url":{"type":"string","value":"https://uk.linkedin.com/in/iggyhammick"}},"category":"linkedin:navigate-error","level":"debug","message":"Failed to navigate to profile","timestamp":"2025-02-04T10:46:50.818Z"}
{"auxiliary":{"error":{"type":"string","value":"proxy.waitForNavigation: net::ERR_ABORTED; maybe frame was detached?\n=========================== logs ===========================\nwaiting for navigation until \"domcontentloaded\"\n============================================================"}},"category":"research:linkedin-error","level":"debug","message":"Error processing LinkedIn profile","timestamp":"2025-02-04T10:46:50.818Z"}
{"auxiliary":{"duration":{"type":"number","value":291041.25598300004},"profile":{"type":"object","value":{"context":"Designer, founder of dark blue","name":"Iggy Hammick"}}},"category":"research:complete","level":"debug","message":"Research completed successfully","timestamp":"2025-02-04T10:47:50.250Z"}
